[VoiceChat] [External(0)] [External()] [2023-08-07T11:18:02.895Z]: ==[VC] Client initialized
[30668] [NRM] [VoiceChat] [External(0)] [External()] [2023-08-07T11:18:13.621Z]: ==[VC] Devices started
[30668] [NRM] [VoiceChat] [External(0)] [External()] [2023-08-07T11:18:13.624Z]: ==[VC] SetTargetOutputDevice Headphones (G333)
[30668] [NRM] [VoiceChat] [External(0)] [External()] [2023-08-07T11:18:13.627Z]: ==[VC] SetTargetInputDevice Microphone (G333)
[30668] [NRM] [VoiceChat] [External(0)] [External()] [2023-08-07T11:18:13.627Z]: ==[VC] Client started
[30668] [NRM] [VoiceChat] [External(0)] [External()] [2023-08-07T11:18:14.156Z]: #=[VC] ResponseGetOutputDevices 01 0(0:811c9dc5) (Default System Device|Default System Device) ({0.0.0.00000000}.{7fbfdf5e-ee0c-47a9-b12f-62bb5d9d5fb2}|Headphones (G333)) ({0.0.0.00000000}.{7fbfdf5e-ee0c-47a9-b12f-62bb5d9d5fb2}|Headphones (G333)) ({0.0.0.00000000}.{7fbfdf5e-ee0c-47a9-b12f-62bb5d9d5fb2}|Headphones (G333))
[30668] [NRM] [VoiceChat] [External(0)] [External()] [2023-08-07T11:18:14.156Z]: ==[VC] Output devices added [(Default Communication Device|Default Communication Device),(Default System Device|Default System Device),(No Device|No Device),({0.0.0.00000000}.{7fbfdf5e-ee0c-47a9-b12f-62bb5d9d5fb2}|Headphones (G333)),({0.0.0.00000000}.{91714bf5-8446-4341-920f-2e3167ce74dd}|27GL650F (NVIDIA High Definition Audio)),({0.0.0.00000000}.{aaa17c95-a7c0-4785-b84e-44250e51027e}|Speakers (Steam Streaming Microphone)),({0.0.0.00000000}.{e42e080a-7e84-43c8-8a5b-47bad9f32370}|Speakers (Steam Streaming Speakers))]
[30668] [NRM] [VoiceChat] [External(0)] [External()] [2023-08-07T11:18:14.158Z]: ==[VC] SetTargetOutputDevice Headphones (G333)
[30668] [NRM] [VoiceChat] [External(0)] [External()] [2023-08-07T11:18:14.162Z]: ==[VC] SetTargetInputDevice Microphone (G333)
[30668] [NRM] [VoiceChat] [External(0)] [External()] [2023-08-07T11:18:14.162Z]: ==[VC] New active output device (Default System Device|Default System Device)
[30668] [NRM] [VoiceChat] [External(0)] [External()] [2023-08-07T11:18:14.216Z]: #=[VC] ResponseGetInputDevices 01 0(0:811c9dc5) (Default System Device|Default System Device) ({0.0.1.00000000}.{a350c35d-36e7-44ce-b9e8-36625b69cad3}|Microphone (G333)) ({0.0.1.00000000}.{a350c35d-36e7-44ce-b9e8-36625b69cad3}|Microphone (G333)) ({0.0.1.00000000}.{a350c35d-36e7-44ce-b9e8-36625b69cad3}|Microphone (G333))
[30668] [NRM] [VoiceChat] [External(0)] [External()] [2023-08-07T11:18:14.216Z]: ==[VC] Input devices added [(Default Communication Device|Default Communication Device),(Default System Device|Default System Device),(No Device|No Device),({0.0.1.00000000}.{35f3c52e-31dd-4b11-98af-50e28352de1f}|Microphone (Steam Streaming Microphone)),({0.0.1.00000000}.{a350c35d-36e7-44ce-b9e8-36625b69cad3}|Microphone (G333)),({0.0.1.00000000}.{bad90bfe-9709-4401-a2c1-c973f5c5cfda}|Microphone (Razer Seiren Mini))]
[30668] [NRM] [VoiceChat] [External(0)] [External()] [2023-08-07T11:18:14.218Z]: ==[VC] SetTargetOutputDevice Headphones (G333)
[30668] [NRM] [VoiceChat] [External(0)] [External()] [2023-08-07T11:18:14.219Z]: ==[VC] SetTargetInputDevice Microphone (G333)
[30668] [NRM] [VoiceChat] [External(0)] [External()] [2023-08-07T11:18:14.219Z]: ==[VC] New active input device (Default System Device|Default System Device)
[30668] [NRM] [VoiceChat] [External(0)] [External()] [2023-08-07T11:18:14.851Z]: #=[VC] ResponseGetOutputDevices 01 0(0:811c9dc5) (Default System Device|Default System Device) ({0.0.0.00000000}.{7fbfdf5e-ee0c-47a9-b12f-62bb5d9d5fb2}|Headphones (G333)) ({0.0.0.00000000}.{7fbfdf5e-ee0c-47a9-b12f-62bb5d9d5fb2}|Headphones (G333)) ({0.0.0.00000000}.{7fbfdf5e-ee0c-47a9-b12f-62bb5d9d5fb2}|Headphones (G333))
[30668] [NRM] [VoiceChat] [External(0)] [External()] [2023-08-07T11:18:14.851Z]: #=[VC] ResponseGetInputDevices 01 0(0:811c9dc5) (Default System Device|Default System Device) ({0.0.1.00000000}.{a350c35d-36e7-44ce-b9e8-36625b69cad3}|Microphone (G333)) ({0.0.1.00000000}.{a350c35d-36e7-44ce-b9e8-36625b69cad3}|Microphone (G333)) ({0.0.1.00000000}.{a350c35d-36e7-44ce-b9e8-36625b69cad3}|Microphone (G333))
[30668] [NRM] [VoiceChat] [External(0)] [External()] [2023-08-07T11:18:14.946Z]: ==[VC] RequestSetActiveOutputDevice ({0.0.0.00000000}.{7fbfdf5e-ee0c-47a9-b12f-62bb5d9d5fb2}|Headphones (G333))
[30668] [NRM] [VoiceChat] [External(0)] [External()] [2023-08-07T11:18:14.946Z]: ==[VC] RequestSetActiveInputDevice ({0.0.1.00000000}.{a350c35d-36e7-44ce-b9e8-36625b69cad3}|Microphone (G333))
[30668] [NRM] [VoiceChat] [External(0)] [External()] [2023-08-07T11:18:15.001Z]: #=[VC] ResponseSetActiveOutputDevice 02 0(0:811c9dc5) 
[30668] [NRM] [VoiceChat] [External(0)] [External()] [2023-08-07T11:18:15.001Z]: ==[VC] New active output device ({0.0.0.00000000}.{7fbfdf5e-ee0c-47a9-b12f-62bb5d9d5fb2}|Headphones (G333))
[30668] [NRM] [VoiceChat] [External(0)] [External()] [2023-08-07T11:18:15.001Z]: #=[VC] ResponseSetActiveInputDevice 02 0(0:811c9dc5) 
[30668] [NRM] [VoiceChat] [External(0)] [External()] [2023-08-07T11:18:15.001Z]: ==[VC] New active input device ({0.0.1.00000000}.{a350c35d-36e7-44ce-b9e8-36625b69cad3}|Microphone (G333))
[30668] [NRM] [VoiceChat] [External(0)] [External()] [2023-08-07T11:18:23.858Z]: #=[VC] Auto-Join Enabled Flags 0000 -> 0005
[30668] [NRM] [VoiceChat] [External(0)] [External()] [2023-08-07T11:18:23.858Z]: #=[VC] Channel Enabled Flags 0000 -> 0005
[30668] [NRM] [VoiceChat] [External(0)] [External()] [2023-08-07T11:19:34.397Z]: #=[VC] Auto-Join Enabled Flags 0005 -> 0000
